<?xml version="1.0" encoding="UTF-8"?>
<!-- Generated by org.testng.reporters.JUnitXMLReporter -->
<testsuite ignored="0" hostname="LAPTOP-VLUEFNG4" failures="1" tests="12" name="Test" time="338.438" errors="0" timestamp="2022-05-17T17:09:20 IST">
  <testcase classname="Portal_page3.Donor_TESTCASE_page3_7" name="FillInfo" time="4.319"/>
  <testcase classname="Portal_page3.Donor_TESTCASE_page3_6" name="FillInfo" time="2.467"/>
  <testcase classname="Portal_page3.Donor_TESTCASE_page3_5" name="FillInfo" time="3.019"/>
  <testcase classname="Portal_page3.Donor_TESTCASE_page3_4" name="FillInfo" time="2.568"/>
  <testcase classname="Portal_page3.Donor_TESTCASE_page3_3" name="FillInfo" time="2.224"/>
  <testcase classname="Portal_page3.Donor_TESTCASE_page3_2" name="FillInfo" time="2.789"/>
  <testcase classname="Portal_page3.Donor_TESTCASE_page3_1" name="FillInfo" time="2.436"/>
  <testcase classname="Portal_page3.Donor_TESTCASE_page3_10" name="FillInfo" time="0.935">
    <failure type="org.openqa.selenium.ElementNotInteractableException" message="element not interactable: Element is not currently visible and may not be manipulated
  (Session info: chrome=101.0.4951.54)
Build info: version: &amp;apos;4.1.3&amp;apos;, revision: &amp;apos;7b1ebf28ef&amp;apos;
System info: host: &amp;apos;LAPTOP-VLUEFNG4&amp;apos;, ip: &amp;apos;192.168.0.104&amp;apos;, os.name: &amp;apos;Windows 10&amp;apos;, os.arch: &amp;apos;amd64&amp;apos;, os.version: &amp;apos;10.0&amp;apos;, java.version: &amp;apos;11.0.14&amp;apos;
Driver info: org.openqa.selenium.chrome.ChromeDriver
Command: [91e2c90232c662492ffd6e1101e569db, clickElement {id=ed80646f-457d-417c-96b6-f39f744d0130}]
Capabilities {acceptInsecureCerts: false, browserName: chrome, browserVersion: 101.0.4951.54, chrome: {chromedriverVersion: 100.0.4896.60 (6a5d10861ce8..., userDataDir: C:\Users\MONISH~1\AppData\L...}, goog:chromeOptions: {debuggerAddress: localhost:55659}, javascriptEnabled: true, networkConnectionEnabled: false, pageLoadStrategy: normal, platform: WINDOWS, platformName: WINDOWS, proxy: Proxy(), se:cdp: ws://localhost:55659/devtoo..., se:cdpVersion: 101.0.4951.54, setWindowRect: true, strictFileInteractability: false, timeouts: {implicit: 0, pageLoad: 300000, script: 30000}, unhandledPromptBehavior: dismiss and notify, webauthn:extension:credBlob: true, webauthn:extension:largeBlob: true, webauthn:virtualAuthenticators: true}
Element: [[[[ChromeDriver: chrome on WINDOWS (91e2c90232c662492ffd6e1101e569db)] -&amp;gt; xpath: //select[@name=&amp;apos;sel_city&amp;apos;]]] -&amp;gt; tag name: option]
Session ID: 91e2c90232c662492ffd6e1101e569db">
      <![CDATA[org.openqa.selenium.ElementNotInteractableException: element not interactable: Element is not currently visible and may not be manipulated
  (Session info: chrome=101.0.4951.54)
Build info: version: '4.1.3', revision: '7b1ebf28ef'
System info: host: 'LAPTOP-VLUEFNG4', ip: '192.168.0.104', os.name: 'Windows 10', os.arch: 'amd64', os.version: '10.0', java.version: '11.0.14'
Driver info: org.openqa.selenium.chrome.ChromeDriver
Command: [91e2c90232c662492ffd6e1101e569db, clickElement {id=ed80646f-457d-417c-96b6-f39f744d0130}]
Capabilities {acceptInsecureCerts: false, browserName: chrome, browserVersion: 101.0.4951.54, chrome: {chromedriverVersion: 100.0.4896.60 (6a5d10861ce8..., userDataDir: C:\Users\MONISH~1\AppData\L...}, goog:chromeOptions: {debuggerAddress: localhost:55659}, javascriptEnabled: true, networkConnectionEnabled: false, pageLoadStrategy: normal, platform: WINDOWS, platformName: WINDOWS, proxy: Proxy(), se:cdp: ws://localhost:55659/devtoo..., se:cdpVersion: 101.0.4951.54, setWindowRect: true, strictFileInteractability: false, timeouts: {implicit: 0, pageLoad: 300000, script: 30000}, unhandledPromptBehavior: dismiss and notify, webauthn:extension:credBlob: true, webauthn:extension:largeBlob: true, webauthn:virtualAuthenticators: true}
Element: [[[[ChromeDriver: chrome on WINDOWS (91e2c90232c662492ffd6e1101e569db)] -> xpath: //select[@name='sel_city']]] -> tag name: option]
Session ID: 91e2c90232c662492ffd6e1101e569db
at org.openqa.selenium.remote.codec.w3c.W3CHttpResponseCodec.createException(W3CHttpResponseCodec.java:200)
at org.openqa.selenium.remote.codec.w3c.W3CHttpResponseCodec.decode(W3CHttpResponseCodec.java:133)
at org.openqa.selenium.remote.codec.w3c.W3CHttpResponseCodec.decode(W3CHttpResponseCodec.java:53)
at org.openqa.selenium.remote.HttpCommandExecutor.execute(HttpCommandExecutor.java:184)
at org.openqa.selenium.remote.service.DriverCommandExecutor.invokeExecute(DriverCommandExecutor.java:167)
at org.openqa.selenium.remote.service.DriverCommandExecutor.execute(DriverCommandExecutor.java:142)
at org.openqa.selenium.remote.RemoteWebDriver.execute(RemoteWebDriver.java:567)
at org.openqa.selenium.remote.RemoteWebElement.execute(RemoteWebElement.java:251)
at org.openqa.selenium.remote.RemoteWebElement.click(RemoteWebElement.java:77)
at org.openqa.selenium.support.ui.Select.setSelected(Select.java:315)
at org.openqa.selenium.support.ui.Select.setSelectedByIndex(Select.java:297)
at org.openqa.selenium.support.ui.Select.selectByIndex(Select.java:176)
at Module1_Donor_Management.DonorLoginPage3_10.clickonTributegift(DonorLoginPage3_10.java:66)
at Portal_page3.Donor_TESTCASE_page3_10.FillInfo(Donor_TESTCASE_page3_10.java:56)
at java.base/java.util.ArrayList.forEach(ArrayList.java:1541)
... Removed 31 stack frames]]>
    </failure>
  </testcase> <!-- FillInfo -->
  <testcase classname="Portal_page3.Donor_TESTCASE_page3" name="FillInfo" time="3.009"/>
  <testcase classname="Portal_page3.Donor_TESTCASE_page3_9" name="FillInfo" time="2.336"/>
  <testcase classname="Portal_page3.Donor_TESTCASE_page3_11" name="FillInfo" time="3.082"/>
  <testcase classname="Portal_page3.Donor_TESTCASE_page3_8" name="FillInfo" time="3.779"/>
</testsuite> <!-- Test -->
